<?xml version="1.0" encoding="utf-8" standalone="no"?>
<!--This file represents the results of running a test suite-->
<test-results name="C:\Documents and Settings\XPMUser\Desktop\GIT\LyricUser\LyricUser.Test\bin\Debug\LyricUser.Test.dll" total="8" errors="0" failures="0" not-run="0" inconclusive="0" ignored="0" skipped="0" invalid="0" date="2013-01-23" time="21:54:41">
  <environment nunit-version="2.5.10.11092" clr-version="2.0.50727.3643" os-version="Microsoft Windows NT 5.1.2600 Service Pack 3" platform="Win32NT" cwd="C:\Documents and Settings\XPMUser\Desktop\GIT\LyricUser\3rdParty\NUnit\bin\net-2.0" machine-name="VIRTUALXP-96671" user="XPMUser" user-domain="VIRTUALXP-96671" />
  <culture-info current-culture="en-GB" current-uiculture="en-US" />
  <test-suite type="Assembly" name="C:\Documents and Settings\XPMUser\Desktop\GIT\LyricUser\LyricUser.Test\bin\Debug\LyricUser.Test.dll" executed="True" result="Success" success="True" time="0.280" asserts="0">
    <results>
      <test-suite type="Namespace" name="LyricUser" executed="True" result="Success" success="True" time="0.280" asserts="0">
        <results>
          <test-suite type="Namespace" name="Test" executed="True" result="Success" success="True" time="0.270" asserts="0">
            <results>
              <test-suite type="TestFixture" name="LyricsPresenterTests" executed="True" result="Success" success="True" time="0.240" asserts="0">
                <results>
                  <test-suite type="ParameterizedTest" name="NullConstruction" executed="True" result="Success" success="True" time="0.170" asserts="0">
                    <results>
                      <test-case name="LyricUser.Test.LyricsPresenterTests.NullConstruction()" executed="True" result="Success" success="True" time="0.150" asserts="2" />
                    </results>
                  </test-suite>
                  <test-suite type="ParameterizedTest" name="ValidDataPresentsLyrics" executed="True" result="Success" success="True" time="0.030" asserts="0">
                    <results>
                      <test-case name="LyricUser.Test.LyricsPresenterTests.ValidDataPresentsLyrics()" executed="True" result="Success" success="True" time="0.030" asserts="2" />
                    </results>
                  </test-suite>
                  <test-suite type="ParameterizedTest" name="ValidDataPresentsMetadata" executed="True" result="Success" success="True" time="0.000" asserts="0">
                    <results>
                      <test-case name="LyricUser.Test.LyricsPresenterTests.ValidDataPresentsMetadata()" executed="True" result="Success" success="True" time="0.000" asserts="2" />
                    </results>
                  </test-suite>
                </results>
              </test-suite>
              <test-suite type="TestFixture" name="XmlLyricsFileParsingStrategyTests" executed="True" result="Success" success="True" time="0.020" asserts="0">
                <results>
                  <test-suite type="ParameterizedTest" name="BruteForce" executed="True" result="Success" success="True" time="0.020" asserts="0">
                    <results>
                      <test-case name="LyricUser.Test.XmlLyricsFileParsingStrategyTests.BruteForce()" executed="True" result="Success" success="True" time="0.010" asserts="3" />
                    </results>
                  </test-suite>
                  <test-suite type="ParameterizedTest" name="GetFavourite" executed="True" result="Success" success="True" time="0.000" asserts="0">
                    <results>
                      <test-case name="LyricUser.Test.XmlLyricsFileParsingStrategyTests.GetFavourite()" executed="True" result="Success" success="True" time="0.000" asserts="2" />
                    </results>
                  </test-suite>
                  <test-suite type="ParameterizedTest" name="NullFails" executed="True" result="Success" success="True" time="0.000" asserts="0">
                    <results>
                      <test-case name="LyricUser.Test.XmlLyricsFileParsingStrategyTests.NullFails()" executed="True" result="Success" success="True" time="0.000" asserts="2" />
                    </results>
                  </test-suite>
                  <test-suite type="ParameterizedTest" name="SimpleTest" executed="True" result="Success" success="True" time="0.000" asserts="0">
                    <results>
                      <test-case name="LyricUser.Test.XmlLyricsFileParsingStrategyTests.SimpleTest()" executed="True" result="Success" success="True" time="0.000" asserts="6" />
                    </results>
                  </test-suite>
                </results>
              </test-suite>
              <test-suite type="TestFixture" name="XmlLyricsFileWritingStrategyTests" executed="True" result="Success" success="True" time="0.010" asserts="0">
                <results>
                  <test-suite type="ParameterizedTest" name="SimpleCheck" executed="True" result="Success" success="True" time="0.010" asserts="0">
                    <results>
                      <test-case name="LyricUser.Test.XmlLyricsFileWritingStrategyTests.SimpleCheck()" executed="True" result="Success" success="True" time="0.010" asserts="3" />
                    </results>
                  </test-suite>
                </results>
              </test-suite>
            </results>
          </test-suite>
        </results>
      </test-suite>
    </results>
  </test-suite>
</test-results>