<?xml version="1.0" encoding="utf-8" standalone="no"?>
<!--This file represents the results of running a test suite-->
<test-results name="C:\Documents and Settings\XPMUser\Desktop\GIT\LyricUser\LyricUser.Release.nunit" total="6" errors="0" failures="0" not-run="0" inconclusive="0" ignored="0" skipped="0" invalid="0" date="2012-04-07" time="16:30:31">
  <environment nunit-version="2.5.10.11092" clr-version="2.0.50727.3082" os-version="Microsoft Windows NT 5.1.2600 Service Pack 3" platform="Win32NT" cwd="C:\Documents and Settings\XPMUser\Desktop\GIT\LyricUser\3rdParty\NUnit\bin\net-2.0" machine-name="VIRTUALXP-96671" user="XPMUser" user-domain="VIRTUALXP-96671" />
  <culture-info current-culture="en-US" current-uiculture="en-US" />
  <test-suite type="Project" name="C:\Documents and Settings\XPMUser\Desktop\GIT\LyricUser\LyricUser.Release.nunit" executed="True" result="Success" success="True" time="0.160" asserts="0">
    <results>
      <test-suite type="Assembly" name="C:\Documents and Settings\XPMUser\Desktop\GIT\LyricUser\LyricUser.Test\bin\Release\LyricUser.Test.dll" executed="True" result="Success" success="True" time="0.160" asserts="0">
        <results>
          <test-suite type="Namespace" name="LyricUser" executed="True" result="Success" success="True" time="0.160" asserts="0">
            <results>
              <test-suite type="Namespace" name="Test" executed="True" result="Success" success="True" time="0.160" asserts="0">
                <results>
                  <test-suite type="TestFixture" name="LyricsPresenterTests" executed="True" result="Success" success="True" time="0.050" asserts="0">
                    <results>
                      <test-suite type="ParameterizedTest" name="NullConstruction" executed="True" result="Success" success="True" time="0.020" asserts="0">
                        <results>
                          <test-case name="LyricUser.Test.LyricsPresenterTests.NullConstruction()" executed="True" result="Success" success="True" time="0.010" asserts="2" />
                        </results>
                      </test-suite>
                      <test-suite type="ParameterizedTest" name="ValidDataPresentsLyrics" executed="True" result="Success" success="True" time="0.010" asserts="0">
                        <results>
                          <test-case name="LyricUser.Test.LyricsPresenterTests.ValidDataPresentsLyrics()" executed="True" result="Success" success="True" time="0.010" asserts="2" />
                        </results>
                      </test-suite>
                      <test-suite type="ParameterizedTest" name="ValidDataPresentsMetadata" executed="True" result="Success" success="True" time="0.000" asserts="0">
                        <results>
                          <test-case name="LyricUser.Test.LyricsPresenterTests.ValidDataPresentsMetadata()" executed="True" result="Success" success="True" time="0.000" asserts="2" />
                        </results>
                      </test-suite>
                    </results>
                  </test-suite>
                  <test-suite type="TestFixture" name="XmlLyricsFileParserTests" executed="True" result="Success" success="True" time="0.100" asserts="0">
                    <results>
                      <test-suite type="ParameterizedTest" name="GetFavourite" executed="True" result="Success" success="True" time="0.000" asserts="0">
                        <results>
                          <test-case name="LyricUser.Test.XmlLyricsFileParserTests.GetFavourite()" executed="True" result="Success" success="True" time="0.000" asserts="2" />
                        </results>
                      </test-suite>
                      <test-suite type="ParameterizedTest" name="NullFails" executed="True" result="Success" success="True" time="0.000" asserts="0">
                        <results>
                          <test-case name="LyricUser.Test.XmlLyricsFileParserTests.NullFails()" executed="True" result="Success" success="True" time="0.000" asserts="2" />
                        </results>
                      </test-suite>
                      <test-suite type="ParameterizedTest" name="SimpleTest" executed="True" result="Success" success="True" time="0.010" asserts="0">
                        <results>
                          <test-case name="LyricUser.Test.XmlLyricsFileParserTests.SimpleTest()" executed="True" result="Success" success="True" time="0.010" asserts="6" />
                        </results>
                      </test-suite>
                    </results>
                  </test-suite>
                </results>
              </test-suite>
            </results>
          </test-suite>
        </results>
      </test-suite>
    </results>
  </test-suite>
</test-results>